platforms/android/app/build/outputs/logs/manifest-merger-debug-report.txt
-- Merging decision tree log ---
provider#android.support.v4.content.FileProvider
INJECTED from src/main/AndroidManifest.xml:31:5-33:16
	android:grantUriPermissions
		ADDED from src/main/AndroidManifest.xml:31:88-122
	android:authorities
		INJECTED from src/main/AndroidManifest.xml
		ADDED from src/main/AndroidManifest.xml:31:15-62
	android:exported
		ADDED from src/main/AndroidManifest.xml:31:63-87
	android:name
		ADDED from src/main/AndroidManifest.xml:31:123-177
manifest
ADDED from src/main/AndroidManifest.xml:2:1-36:12
INJECTED from src/main/AndroidManifest.xml:2:1-36:12
INJECTED from src/main/AndroidManifest.xml:2:1-36:12
INJECTED from src/main/AndroidManifest.xml:2:1-36:12
MERGED from [com.android.support:customtabs:23.3.0] AndroidManifest.xml:17:1-24:12
MERGED from [com.android.support:support-v4:24.1.1] AndroidManifest.xml:17:1-27:12
MERGED from [com.android.support:multidex:1.0.2] AndroidManifest.xml:17:1-22:12
MERGED from [:CordovaLib] AndroidManifest.xml:20:1-27:12
INJECTED from src/main/AndroidManifest.xml:2:1-36:12
INJECTED from src/main/AndroidManifest.xml:2:1-36:12
INJECTED from src/main/AndroidManifest.xml:2:1-36:12
	package
		ADDED from src/main/AndroidManifest.xml:2:102-134
		INJECTED from src/main/AndroidManifest.xml
		INJECTED from src/main/AndroidManifest.xml
	android:versionName
		ADDED from src/main/AndroidManifest.xml:2:74-101
		INJECTED from src/main/AndroidManifest.xml
		INJECTED from src/main/AndroidManifest.xml
	android:hardwareAccelerated
		ADDED from src/main/AndroidManifest.xml:2:11-45
	xmlns:android
		ADDED from src/main/AndroidManifest.xml:2:135-193
	android:versionCode
		ADDED from src/main/AndroidManifest.xml:2:46-73
		INJECTED from src/main/AndroidManifest.xml
		INJECTED from src/main/AndroidManifest.xml
supports-screens
ADDED from src/main/AndroidManifest.xml:3:3-188
	android:largeScreens
		ADDED from src/main/AndroidManifest.xml:3:47-74
	android:smallScreens
		ADDED from src/main/AndroidManifest.xml:3:130-157
	android:normalScreens
		ADDED from src/main/AndroidManifest.xml:3:75-103
	android:xlargeScreens
		ADDED from src/main/AndroidManifest.xml:3:158-186
	android:resizeable
		ADDED from src/main/AndroidManifest.xml:3:104-129
	android:anyDensity
		ADDED from src/main/AndroidManifest.xml:3:21-46
uses-permission#android.permission.INTERNET
ADDED from src/main/AndroidManifest.xml:4:3-64
	android:name
		ADDED from src/main/AndroidManifest.xml:4:20-62
uses-permission#android.permission.WRITE_EXTERNAL_STORAGE
ADDED from src/main/AndroidManifest.xml:5:3-78
	android:name
		ADDED from src/main/AndroidManifest.xml:5:20-76
application
ADDED from src/main/AndroidManifest.xml:6:3-34:17
MERGED from [com.android.support:customtabs:23.3.0] AndroidManifest.xml:22:5-20
MERGED from [com.android.support:customtabs:23.3.0] AndroidManifest.xml:22:5-20
MERGED from [com.android.support:support-v4:24.1.1] AndroidManifest.xml:25:5-20
MERGED from [com.android.support:support-v4:24.1.1] AndroidManifest.xml:25:5-20
	android:supportsRtl
		ADDED from src/main/AndroidManifest.xml:6:112-138
	android:label
		ADDED from src/main/AndroidManifest.xml:6:79-111
	android:hardwareAccelerated
		ADDED from src/main/AndroidManifest.xml:6:16-50
	android:icon
		ADDED from src/main/AndroidManifest.xml:6:51-78
activity#io.search.recipesearch.MainActivity
ADDED from src/main/AndroidManifest.xml:7:5-30:16
	android:label
		ADDED from src/main/AndroidManifest.xml:7:93-130
	android:launchMode
		ADDED from src/main/AndroidManifest.xml:7:131-161
	android:windowSoftInputMode
		ADDED from src/main/AndroidManifest.xml:7:253-295
	android:configChanges
		ADDED from src/main/AndroidManifest.xml:7:15-92
	android:theme
		ADDED from src/main/AndroidManifest.xml:7:190-252
	android:name
		ADDED from src/main/AndroidManifest.xml:7:162-189
intent-filter#android.intent.action.MAIN+android.intent.category.LAUNCHER
ADDED from src/main/AndroidManifest.xml:8:7-11:23
	android:label
		ADDED from src/main/AndroidManifest.xml:8:22-59
action#android.intent.action.MAIN
ADDED from src/main/AndroidManifest.xml:9:9-60
	android:name
		ADDED from src/main/AndroidManifest.xml:9:17-58
category#android.intent.category.LAUNCHER
ADDED from src/main/AndroidManifest.xml:10:9-68
	android:name
		ADDED from src/main/AndroidManifest.xml:10:19-66
intent-filter#android.intent.action.VIEW+android.intent.category.BROWSABLE+android.intent.category.DEFAULT
ADDED from src/main/AndroidManifest.xml:12:7-17:23
	android:autoVerify
		ADDED from src/main/AndroidManifest.xml:18:22-47
action#android.intent.action.VIEW
ADDED from src/main/AndroidManifest.xml:13:9-60
	android:name
		ADDED from src/main/AndroidManifest.xml:13:17-58
category#android.intent.category.DEFAULT
ADDED from src/main/AndroidManifest.xml:14:9-67
	android:name
		ADDED from src/main/AndroidManifest.xml:14:19-65
category#android.intent.category.BROWSABLE
ADDED from src/main/AndroidManifest.xml:15:9-69
	android:name
		ADDED from src/main/AndroidManifest.xml:15:19-67
data
ADDED from src/main/AndroidManifest.xml:16:9-46
	android:path
		ADDED from src/main/AndroidManifest.xml:28:90-122
	android:host
		ADDED from src/main/AndroidManifest.xml:22:15-59
	android:scheme
		ADDED from src/main/AndroidManifest.xml:16:15-44
uses-sdk
ADDED from src/main/AndroidManifest.xml:35:3-71
INJECTED from src/main/AndroidManifest.xml:35:3-71
MERGED from [com.android.support:customtabs:23.3.0] AndroidManifest.xml:20:5-44
MERGED from [com.android.support:customtabs:23.3.0] AndroidManifest.xml:20:5-44
MERGED from [com.android.support:support-v4:24.1.1] AndroidManifest.xml:21:5-23:54
MERGED from [com.android.support:support-v4:24.1.1] AndroidManifest.xml:21:5-23:54
MERGED from [com.android.support:multidex:1.0.2] AndroidManifest.xml:20:5-43
MERGED from [com.android.support:multidex:1.0.2] AndroidManifest.xml:20:5-43
MERGED from [:CordovaLib] AndroidManifest.xml:25:5-44
MERGED from [:CordovaLib] AndroidManifest.xml:25:5-44
INJECTED from src/main/AndroidManifest.xml:35:3-71
	tools:overrideLibrary
		ADDED from [com.android.support:support-v4:24.1.1] AndroidManifest.xml:23:9-51
	android:targetSdkVersion
		ADDED from src/main/AndroidManifest.xml:35:40-69
	android:minSdkVersion
		ADDED from src/main/AndroidManifest.xml:35:13-39
		INJECTED from src/main/AndroidManifest.xml
		INJECTED from src/main/AndroidManifest.xml
meta-data#android.support.FILE_PROVIDER_PATHS
ADDED from src/main/AndroidManifest.xml:32:7-109
	android:resource
		ADDED from src/main/AndroidManifest.xml:32:69-107
	android:name
		ADDED from src/main/AndroidManifest.xml:32:18-68